2022-05-19 21:05:719 INFO  ManageDriver :35 - Launching Chrome Browser
2022-05-19 21:05:445 INFO  ManageDriver :35 - Launching Chrome Browser
2022-05-19 21:05:247 INFO  ManageDriver :35 - Launching Chrome Browser
2022-05-19 21:05:404 INFO  ManageDriver :35 - Launching Chrome Browser
2022-05-19 21:05:24 INFO  ManageDriver :35 - Launching Chrome Browser
2022-05-19 22:05:587 INFO  ManageDriver :35 - Launching Chrome Browser
2022-05-19 22:05:401 INFO  ManageDriver :35 - Launching Chrome Browser
2022-05-19 22:05:980 INFO  ManageDriver :35 - Launching Chrome Browser
2022-05-19 22:05:770 INFO  ManageDriver :35 - Launching Chrome Browser
2022-05-19 22:05:613 INFO  ManageDriver :35 - Launching Chrome Browser
2022-05-19 22:05:870 INFO  ManageDriver :35 - Launching Chrome Browser
2022-05-19 22:05:404 INFO  ManageDriver :35 - Launching Chrome Browser
2022-05-19 22:05:941 INFO  ManageDriver :35 - Launching Chrome Browser
2022-05-19 22:05:355 INFO  ManageDriver :35 - Launching Chrome Browser
2022-05-19 22:05:385 INFO  ManageDriver :35 - Launching Chrome Browser
2022-05-19 22:05:204 INFO  ManageDriver :35 - Launching Chrome Browser
2022-05-19 22:05:812 INFO  ManageDriver :35 - Launching Chrome Browser
2022-05-19 22:05:718 INFO  ManageDriver :35 - Launching Chrome Browser
2022-05-19 22:05:772 INFO  ManageDriver :35 - Launching Chrome Browser
2022-05-19 22:05:434 INFO  ManageDriver :35 - Launching Chrome Browser
2022-05-19 22:05:365 INFO  ManageDriver :35 - Launching Chrome Browser
2022-05-19 22:05:436 INFO  ManageDriver :35 - Launching Chrome Browser
2022-05-19 22:05:354 INFO  ManageDriver :35 - Launching Chrome Browser
2022-05-19 22:05:668 INFO  ManageDriver :35 - Launching Chrome Browser
2022-05-19 22:05:747 INFO  ManageDriver :35 - Launching Chrome Browser
2022-05-19 22:05:203 INFO  ManageDriver :35 - Launching Chrome Browser
2022-05-19 22:05:546 INFO  ManageDriver :35 - Launching Chrome Browser
2022-05-19 22:05:926 INFO  ManageDriver :35 - Launching Chrome Browser
2022-05-19 22:05:539 INFO  ManageDriver :35 - Launching Chrome Browser
2022-05-19 23:05:437 INFO  ManageDriver :35 - Launching Chrome Browser
2022-05-19 23:05:774 INFO  ManageDriver :35 - Launching Chrome Browser
2022-05-19 23:05:494 INFO  ManageDriver :35 - Launching Chrome Browser
2022-05-19 23:05:354 INFO  ManageDriver :35 - Launching Chrome Browser
2022-05-19 23:05:580 INFO  ManageDriver :35 - Launching Chrome Browser
2022-05-19 23:05:228 INFO  ManageDriver :35 - Launching Chrome Browser
2022-05-19 23:05:557 INFO  ManageDriver :35 - Launching Chrome Browser
2022-05-19 23:05:809 INFO  ManageDriver :35 - Launching Chrome Browser
2022-05-19 23:05:329 INFO  ManageDriver :35 - Launching Chrome Browser
2022-05-19 23:05:802 INFO  ManageDriver :35 - Launching Chrome Browser
2022-05-19 23:05:315 INFO  ManageDriver :35 - Launching Chrome Browser
2022-05-19 23:05:780 INFO  ManageDriver :35 - Launching Chrome Browser
2022-05-19 23:05:673 INFO  ManageDriver :35 - Launching Chrome Browser
2022-05-19 23:05:490 INFO  ManageDriver :35 - Launching Chrome Browser
2022-05-20 00:05:182 INFO  ManageDriver :35 - Launching Chrome Browser
2022-05-20 00:05:333 INFO  ManageDriver :35 - Launching Chrome Browser
2022-05-20 00:05:514 INFO  ManageDriver :35 - Launching Chrome Browser
2022-05-20 00:05:545 INFO  ManageDriver :35 - Launching Chrome Browser
2022-05-20 00:05:539 INFO  ManageDriver :35 - Launching Chrome Browser
2022-05-20 00:05:890 INFO  ManageDriver :35 - Launching Chrome Browser
2022-05-20 00:05:716 INFO  ManageDriver :35 - Launching Chrome Browser
2022-05-20 00:05:854 INFO  ManageDriver :35 - Launching Chrome Browser
2022-05-20 00:05:728 INFO  ManageDriver :35 - Launching Chrome Browser
2022-05-20 00:05:581 INFO  ManageDriver :35 - Launching Chrome Browser
2022-05-20 00:05:938 INFO  ManageDriver :35 - Launching Chrome Browser
2022-05-20 00:05:790 INFO  ManageDriver :35 - Launching Chrome Browser
2022-05-20 00:05:798 INFO  ManageDriver :35 - Launching Chrome Browser
2022-05-20 00:05:114 INFO  ManageDriver :35 - Launching Chrome Browser
2022-05-20 00:05:439 INFO  ManageDriver :35 - Launching Chrome Browser
2022-05-20 00:05:431 INFO  ManageDriver :35 - Launching Chrome Browser
2022-05-20 00:05:942 INFO  ManageDriver :35 - Launching Chrome Browser
2022-05-20 00:05:348 INFO  ManageDriver :35 - Launching Chrome Browser
2022-05-20 00:05:805 INFO  ManageDriver :35 - Launching Chrome Browser
2022-05-20 00:05:07 INFO  ManageDriver :35 - Launching Chrome Browser
2022-05-20 00:05:680 INFO  ManageDriver :35 - Launching Chrome Browser
2022-05-20 00:05:338 INFO  ManageDriver :35 - Launching Chrome Browser
2022-05-20 00:05:97 INFO  ManageDriver :35 - Launching Chrome Browser
2022-05-24 23:05:817 INFO  ManageDriver :35 - Launching Chrome Browser
2022-05-24 23:05:315 INFO  HomePage :40 - Clicking on buy and sell mouse hoover [[ChromeDriver: chrome on WINDOWS (7d65fa0891de4278704c85401a33058b)] -> xpath: //a[contains(text(),'buy + sell')]]
2022-05-24 23:05:497 INFO  ManageDriver :35 - Launching Chrome Browser
2022-05-24 23:05:225 INFO  HomePage :40 - Clicking on buy and sell mouse hoover [[ChromeDriver: chrome on WINDOWS (89d9d1ca6399e111c39e5ac0e5304d9d)] -> xpath: //a[contains(text(),'buy + sell')]]
2022-05-24 23:05:625 INFO  ManageDriver :35 - Launching Chrome Browser
2022-05-24 23:05:968 INFO  HomePage :40 - Clicking on buy and sell mouse hoover [[ChromeDriver: chrome on WINDOWS (0f781c704ca4f0b57d87c3130f11104a)] -> xpath: //a[contains(text(),'buy + sell')]]
2022-05-24 23:05:329 INFO  ManageDriver :35 - Launching Chrome Browser
2022-05-24 23:05:382 INFO  HomePage :40 - Clicking on buy and sell mouse hoover [[ChromeDriver: chrome on WINDOWS (63ae94f5b114f4918a14c88715201974)] -> xpath: //a[contains(text(),'buy + sell')]]
2022-05-24 23:05:25 INFO  ManageDriver :35 - Launching Chrome Browser
2022-05-24 23:05:39 INFO  HomePage :40 - Clicking on buy and sell mouse hoover [[ChromeDriver: chrome on WINDOWS (c0edc84ed0700769e7697813a655f34d)] -> xpath: //a[contains(text(),'buy + sell')]]
2022-05-24 23:05:327 INFO  ManageDriver :35 - Launching Chrome Browser
2022-05-24 23:05:592 INFO  HomePage :40 - Clicking on buy and sell mouse hoover [[ChromeDriver: chrome on WINDOWS (289f3dd1a17dd58feec57104ba99cf17)] -> xpath: //a[contains(text(),'buy + sell')]]
2022-05-24 23:05:750 INFO  HomePage :46 - Clicking on search car click [[ChromeDriver: chrome on WINDOWS (289f3dd1a17dd58feec57104ba99cf17)] -> xpath: //a[contains(text(),'Search Cars')]]
2022-05-24 23:05:839 INFO  NewAndUsedCarSearchPage :53 - getting varify new and used car Search [[ChromeDriver: chrome on WINDOWS (289f3dd1a17dd58feec57104ba99cf17)] -> xpath: //div[@class='heading main-heading item-ad-wrapper ']/h1]
2022-05-24 23:05:666 INFO  NewAndUsedCarSearchPage :66 - Selecting make Honda from dropdown [[ChromeDriver: chrome on WINDOWS (289f3dd1a17dd58feec57104ba99cf17)] -> xpath: //select[@id='makes']]
2022-05-24 23:05:294 INFO  NewAndUsedCarSearchPage :72 - Selecting model City from dropdown [[ChromeDriver: chrome on WINDOWS (289f3dd1a17dd58feec57104ba99cf17)] -> xpath: //select[@id='models']]
2022-05-24 23:05:718 INFO  NewAndUsedCarSearchPage :78 - Selecting location NSW - All from dropdown [[ChromeDriver: chrome on WINDOWS (289f3dd1a17dd58feec57104ba99cf17)] -> xpath: //select[@id='locations']]
2022-05-24 23:05:154 INFO  NewAndUsedCarSearchPage :83 - Selecting price $50,000 from dropdown [[ChromeDriver: chrome on WINDOWS (289f3dd1a17dd58feec57104ba99cf17)] -> xpath: //select[@id='priceTo']]
2022-05-24 23:05:98 INFO  NewAndUsedCarSearchPage :88 - Clicking on find my new car [[ChromeDriver: chrome on WINDOWS (289f3dd1a17dd58feec57104ba99cf17)] -> xpath: //input[@id='search-submit']]
2022-05-24 23:05:145 INFO  SearchForCarPage :22 - getting email  car make varrify from [[ChromeDriver: chrome on WINDOWS (289f3dd1a17dd58feec57104ba99cf17)] -> xpath: //h1[@class='listing-search-title']]
2022-05-24 23:05:474 INFO  ManageDriver :35 - Launching Chrome Browser
2022-05-24 23:05:972 INFO  HomePage :40 - Clicking on buy and sell mouse hoover [[ChromeDriver: chrome on WINDOWS (b0860642ad15be72f141606d95f907aa)] -> xpath: //a[contains(text(),'buy + sell')]]
2022-05-24 23:05:338 INFO  HomePage :46 - Clicking on search car click [[ChromeDriver: chrome on WINDOWS (b0860642ad15be72f141606d95f907aa)] -> xpath: //a[contains(text(),'Search Cars')]]
2022-05-24 23:05:406 INFO  NewAndUsedCarSearchPage :53 - getting varify new and used car Search [[ChromeDriver: chrome on WINDOWS (b0860642ad15be72f141606d95f907aa)] -> xpath: //div[@class='heading main-heading item-ad-wrapper ']/h1]
2022-05-24 23:05:144 INFO  NewAndUsedCarSearchPage :66 - Selecting make Jeep from dropdown [[ChromeDriver: chrome on WINDOWS (b0860642ad15be72f141606d95f907aa)] -> xpath: //select[@id='makes']]
2022-05-24 23:05:640 INFO  NewAndUsedCarSearchPage :72 - Selecting model Wrangler from dropdown [[ChromeDriver: chrome on WINDOWS (b0860642ad15be72f141606d95f907aa)] -> xpath: //select[@id='models']]
2022-05-24 23:05:169 INFO  NewAndUsedCarSearchPage :78 - Selecting location NSW - All from dropdown [[ChromeDriver: chrome on WINDOWS (b0860642ad15be72f141606d95f907aa)] -> xpath: //select[@id='locations']]
2022-05-24 23:05:556 INFO  NewAndUsedCarSearchPage :83 - Selecting price $60,000 from dropdown [[ChromeDriver: chrome on WINDOWS (b0860642ad15be72f141606d95f907aa)] -> xpath: //select[@id='priceTo']]
2022-05-24 23:05:223 INFO  NewAndUsedCarSearchPage :88 - Clicking on find my new car [[ChromeDriver: chrome on WINDOWS (b0860642ad15be72f141606d95f907aa)] -> xpath: //input[@id='search-submit']]
2022-05-24 23:05:264 INFO  SearchForCarPage :22 - getting email  car make varrify from [[ChromeDriver: chrome on WINDOWS (b0860642ad15be72f141606d95f907aa)] -> xpath: //h1[@class='listing-search-title']]
2022-05-24 23:05:474 INFO  ManageDriver :35 - Launching Chrome Browser
2022-05-24 23:05:786 INFO  HomePage :40 - Clicking on buy and sell mouse hoover [[ChromeDriver: chrome on WINDOWS (3b8c9b67ab493bb9c584ede4bbd77e99)] -> xpath: //a[contains(text(),'buy + sell')]]
2022-05-24 23:05:93 INFO  HomePage :46 - Clicking on search car click [[ChromeDriver: chrome on WINDOWS (3b8c9b67ab493bb9c584ede4bbd77e99)] -> xpath: //a[contains(text(),'Search Cars')]]
2022-05-24 23:05:230 INFO  NewAndUsedCarSearchPage :53 - getting varify new and used car Search [[ChromeDriver: chrome on WINDOWS (3b8c9b67ab493bb9c584ede4bbd77e99)] -> xpath: //div[@class='heading main-heading item-ad-wrapper ']/h1]
2022-05-24 23:05:726 INFO  NewAndUsedCarSearchPage :66 - Selecting make Kia from dropdown [[ChromeDriver: chrome on WINDOWS (3b8c9b67ab493bb9c584ede4bbd77e99)] -> xpath: //select[@id='makes']]
2022-05-24 23:05:214 INFO  NewAndUsedCarSearchPage :72 - Selecting model Niro from dropdown [[ChromeDriver: chrome on WINDOWS (3b8c9b67ab493bb9c584ede4bbd77e99)] -> xpath: //select[@id='models']]
2022-05-24 23:05:701 INFO  NewAndUsedCarSearchPage :78 - Selecting location QLD - All from dropdown [[ChromeDriver: chrome on WINDOWS (3b8c9b67ab493bb9c584ede4bbd77e99)] -> xpath: //select[@id='locations']]
2022-05-24 23:05:98 INFO  NewAndUsedCarSearchPage :83 - Selecting price $40,000 from dropdown [[ChromeDriver: chrome on WINDOWS (3b8c9b67ab493bb9c584ede4bbd77e99)] -> xpath: //select[@id='priceTo']]
2022-05-24 23:05:658 INFO  NewAndUsedCarSearchPage :88 - Clicking on find my new car [[ChromeDriver: chrome on WINDOWS (3b8c9b67ab493bb9c584ede4bbd77e99)] -> xpath: //input[@id='search-submit']]
2022-05-24 23:05:721 INFO  SearchForCarPage :22 - getting email  car make varrify from [[ChromeDriver: chrome on WINDOWS (3b8c9b67ab493bb9c584ede4bbd77e99)] -> xpath: //h1[@class='listing-search-title']]
2022-05-24 23:05:420 INFO  ManageDriver :35 - Launching Chrome Browser
2022-05-24 23:05:287 INFO  HomePage :40 - Clicking on buy and sell mouse hoover [[ChromeDriver: chrome on WINDOWS (02a1f71d5baa30f3c24fa4eee5a54685)] -> xpath: //a[contains(text(),'buy + sell')]]
2022-05-24 23:05:340 INFO  HomePage :46 - Clicking on search car click [[ChromeDriver: chrome on WINDOWS (02a1f71d5baa30f3c24fa4eee5a54685)] -> xpath: //a[contains(text(),'Search Cars')]]
2022-05-24 23:05:397 INFO  NewAndUsedCarSearchPage :53 - getting varify new and used car Search [[ChromeDriver: chrome on WINDOWS (02a1f71d5baa30f3c24fa4eee5a54685)] -> xpath: //div[@class='heading main-heading item-ad-wrapper ']/h1]
2022-05-24 23:05:102 INFO  NewAndUsedCarSearchPage :66 - Selecting make Volkswagen from dropdown [[ChromeDriver: chrome on WINDOWS (02a1f71d5baa30f3c24fa4eee5a54685)] -> xpath: //select[@id='makes']]
2022-05-24 23:05:621 INFO  NewAndUsedCarSearchPage :72 - Selecting model Golf from dropdown [[ChromeDriver: chrome on WINDOWS (02a1f71d5baa30f3c24fa4eee5a54685)] -> xpath: //select[@id='models']]
2022-05-24 23:05:62 INFO  NewAndUsedCarSearchPage :78 - Selecting location NSW - Sydney from dropdown [[ChromeDriver: chrome on WINDOWS (02a1f71d5baa30f3c24fa4eee5a54685)] -> xpath: //select[@id='locations']]
2022-05-24 23:05:455 INFO  NewAndUsedCarSearchPage :83 - Selecting price $45,000 from dropdown [[ChromeDriver: chrome on WINDOWS (02a1f71d5baa30f3c24fa4eee5a54685)] -> xpath: //select[@id='priceTo']]
2022-05-24 23:05:911 INFO  NewAndUsedCarSearchPage :88 - Clicking on find my new car [[ChromeDriver: chrome on WINDOWS (02a1f71d5baa30f3c24fa4eee5a54685)] -> xpath: //input[@id='search-submit']]
2022-05-24 23:05:980 INFO  SearchForCarPage :22 - getting email  car make varrify from [[ChromeDriver: chrome on WINDOWS (02a1f71d5baa30f3c24fa4eee5a54685)] -> xpath: //h1[@class='listing-search-title']]
2022-05-24 23:05:577 INFO  ManageDriver :35 - Launching Chrome Browser
2022-05-24 23:05:703 INFO  HomePage :40 - Clicking on buy and sell mouse hoover [[ChromeDriver: chrome on WINDOWS (4e9a0ca5ff499788d4ebd6c6aa65516f)] -> xpath: //a[contains(text(),'buy + sell')]]
2022-05-24 23:05:872 INFO  HomePage :46 - Clicking on search car click [[ChromeDriver: chrome on WINDOWS (4e9a0ca5ff499788d4ebd6c6aa65516f)] -> xpath: //a[contains(text(),'Search Cars')]]
2022-05-24 23:05:953 INFO  NewAndUsedCarSearchPage :53 - getting varify new and used car Search [[ChromeDriver: chrome on WINDOWS (4e9a0ca5ff499788d4ebd6c6aa65516f)] -> xpath: //div[@class='heading main-heading item-ad-wrapper ']/h1]
2022-05-24 23:05:472 INFO  NewAndUsedCarSearchPage :66 - Selecting make Suzuki from dropdown [[ChromeDriver: chrome on WINDOWS (4e9a0ca5ff499788d4ebd6c6aa65516f)] -> xpath: //select[@id='makes']]
2022-05-24 23:05:115 INFO  NewAndUsedCarSearchPage :72 - Selecting model Vitara from dropdown [[ChromeDriver: chrome on WINDOWS (4e9a0ca5ff499788d4ebd6c6aa65516f)] -> xpath: //select[@id='models']]
2022-05-24 23:05:431 INFO  NewAndUsedCarSearchPage :78 - Selecting location NT - South from dropdown [[ChromeDriver: chrome on WINDOWS (4e9a0ca5ff499788d4ebd6c6aa65516f)] -> xpath: //select[@id='locations']]
2022-05-24 23:05:867 INFO  NewAndUsedCarSearchPage :83 - Selecting price $45,000 from dropdown [[ChromeDriver: chrome on WINDOWS (4e9a0ca5ff499788d4ebd6c6aa65516f)] -> xpath: //select[@id='priceTo']]
2022-05-24 23:05:691 INFO  NewAndUsedCarSearchPage :88 - Clicking on find my new car [[ChromeDriver: chrome on WINDOWS (4e9a0ca5ff499788d4ebd6c6aa65516f)] -> xpath: //input[@id='search-submit']]
2022-05-24 23:05:117 INFO  SearchForCarPage :22 - getting email  car make varrify from [[ChromeDriver: chrome on WINDOWS (4e9a0ca5ff499788d4ebd6c6aa65516f)] -> xpath: //h1[@class='listing-search-title']]
2022-05-24 23:05:545 INFO  ManageDriver :35 - Launching Chrome Browser
2022-05-24 23:05:164 INFO  HomePage :40 - Clicking on buy and sell mouse hoover [[ChromeDriver: chrome on WINDOWS (ec62bbc1935d121072a69d746693ba0c)] -> xpath: //a[contains(text(),'buy + sell')]]
2022-05-24 23:05:330 INFO  NewAndUsedCarSearchPage :48 - Clicking on used car click [[ChromeDriver: chrome on WINDOWS (ec62bbc1935d121072a69d746693ba0c)] -> xpath: //div[@class='uhf-child-menu']//ul//li//a[text()='Used']]
2022-05-24 23:05:391 INFO  UsedCarForSalePage :24 - getting email  used car search from [[ChromeDriver: chrome on WINDOWS (ec62bbc1935d121072a69d746693ba0c)] -> xpath: //h1[contains(text(),'Used Cars For Sale')]]
2022-05-24 23:05:914 INFO  NewAndUsedCarSearchPage :66 - Selecting make Tesla from dropdown [[ChromeDriver: chrome on WINDOWS (ec62bbc1935d121072a69d746693ba0c)] -> xpath: //select[@id='makes']]
2022-05-24 23:05:446 INFO  NewAndUsedCarSearchPage :72 - Selecting model Model S from dropdown [[ChromeDriver: chrome on WINDOWS (ec62bbc1935d121072a69d746693ba0c)] -> xpath: //select[@id='models']]
2022-05-24 23:05:669 INFO  NewAndUsedCarSearchPage :78 - Selecting location Any Location from dropdown [[ChromeDriver: chrome on WINDOWS (ec62bbc1935d121072a69d746693ba0c)] -> xpath: //select[@id='locations']]
2022-05-24 23:05:15 INFO  NewAndUsedCarSearchPage :83 - Selecting price $80,000 from dropdown [[ChromeDriver: chrome on WINDOWS (ec62bbc1935d121072a69d746693ba0c)] -> xpath: //select[@id='priceTo']]
2022-05-24 23:05:751 INFO  NewAndUsedCarSearchPage :88 - Clicking on find my new car [[ChromeDriver: chrome on WINDOWS (ec62bbc1935d121072a69d746693ba0c)] -> xpath: //input[@id='search-submit']]
2022-05-24 23:05:880 INFO  SearchForCarPage :22 - getting email  car make varrify from [[ChromeDriver: chrome on WINDOWS (ec62bbc1935d121072a69d746693ba0c)] -> xpath: //h1[@class='listing-search-title']]
2022-05-24 23:05:313 INFO  ManageDriver :35 - Launching Chrome Browser
2022-05-24 23:05:910 INFO  HomePage :40 - Clicking on buy and sell mouse hoover [[ChromeDriver: chrome on WINDOWS (4c443a4fa2302fab439b5356ffd4e570)] -> xpath: //a[contains(text(),'buy + sell')]]
2022-05-24 23:05:949 INFO  NewAndUsedCarSearchPage :48 - Clicking on used car click [[ChromeDriver: chrome on WINDOWS (4c443a4fa2302fab439b5356ffd4e570)] -> xpath: //div[@class='uhf-child-menu']//ul//li//a[text()='Used']]
2022-05-24 23:05:24 INFO  UsedCarForSalePage :24 - getting email  used car search from [[ChromeDriver: chrome on WINDOWS (4c443a4fa2302fab439b5356ffd4e570)] -> xpath: //h1[contains(text(),'Used Cars For Sale')]]
2022-05-24 23:05:81 INFO  NewAndUsedCarSearchPage :66 - Selecting make Mitsubishi from dropdown [[ChromeDriver: chrome on WINDOWS (4c443a4fa2302fab439b5356ffd4e570)] -> xpath: //select[@id='makes']]
2022-05-24 23:05:466 INFO  NewAndUsedCarSearchPage :72 - Selecting model Outlander from dropdown [[ChromeDriver: chrome on WINDOWS (4c443a4fa2302fab439b5356ffd4e570)] -> xpath: //select[@id='models']]
2022-05-24 23:05:45 INFO  NewAndUsedCarSearchPage :78 - Selecting location NT - All from dropdown [[ChromeDriver: chrome on WINDOWS (4c443a4fa2302fab439b5356ffd4e570)] -> xpath: //select[@id='locations']]
2022-05-24 23:05:422 INFO  NewAndUsedCarSearchPage :83 - Selecting price $90,000 from dropdown [[ChromeDriver: chrome on WINDOWS (4c443a4fa2302fab439b5356ffd4e570)] -> xpath: //select[@id='priceTo']]
2022-05-24 23:05:723 INFO  NewAndUsedCarSearchPage :88 - Clicking on find my new car [[ChromeDriver: chrome on WINDOWS (4c443a4fa2302fab439b5356ffd4e570)] -> xpath: //input[@id='search-submit']]
2022-05-24 23:05:618 INFO  SearchForCarPage :22 - getting email  car make varrify from [[ChromeDriver: chrome on WINDOWS (4c443a4fa2302fab439b5356ffd4e570)] -> xpath: //h1[@class='listing-search-title']]
2022-05-24 23:05:670 INFO  ManageDriver :35 - Launching Chrome Browser
2022-05-24 23:05:632 INFO  HomePage :40 - Clicking on buy and sell mouse hoover [[ChromeDriver: chrome on WINDOWS (aba1b477412c11510df06aac703ea043)] -> xpath: //a[contains(text(),'buy + sell')]]
2022-05-24 23:05:461 INFO  NewAndUsedCarSearchPage :48 - Clicking on used car click [[ChromeDriver: chrome on WINDOWS (aba1b477412c11510df06aac703ea043)] -> xpath: //div[@class='uhf-child-menu']//ul//li//a[text()='Used']]
2022-05-24 23:05:516 INFO  UsedCarForSalePage :24 - getting email  used car search from [[ChromeDriver: chrome on WINDOWS (aba1b477412c11510df06aac703ea043)] -> xpath: //h1[contains(text(),'Used Cars For Sale')]]
2022-05-24 23:05:177 INFO  NewAndUsedCarSearchPage :66 - Selecting make Honda from dropdown [[ChromeDriver: chrome on WINDOWS (aba1b477412c11510df06aac703ea043)] -> xpath: //select[@id='makes']]
2022-05-24 23:05:534 INFO  NewAndUsedCarSearchPage :72 - Selecting model City from dropdown [[ChromeDriver: chrome on WINDOWS (aba1b477412c11510df06aac703ea043)] -> xpath: //select[@id='models']]
2022-05-24 23:05:873 INFO  NewAndUsedCarSearchPage :78 - Selecting location NSW - All from dropdown [[ChromeDriver: chrome on WINDOWS (aba1b477412c11510df06aac703ea043)] -> xpath: //select[@id='locations']]
2022-05-24 23:05:421 INFO  NewAndUsedCarSearchPage :83 - Selecting price $50,000 from dropdown [[ChromeDriver: chrome on WINDOWS (aba1b477412c11510df06aac703ea043)] -> xpath: //select[@id='priceTo']]
2022-05-24 23:05:243 INFO  NewAndUsedCarSearchPage :88 - Clicking on find my new car [[ChromeDriver: chrome on WINDOWS (aba1b477412c11510df06aac703ea043)] -> xpath: //input[@id='search-submit']]
2022-05-24 23:05:386 INFO  SearchForCarPage :22 - getting email  car make varrify from [[ChromeDriver: chrome on WINDOWS (aba1b477412c11510df06aac703ea043)] -> xpath: //h1[@class='listing-search-title']]
2022-05-24 23:05:25 INFO  ManageDriver :35 - Launching Chrome Browser
2022-05-24 23:05:691 INFO  HomePage :40 - Clicking on buy and sell mouse hoover [[ChromeDriver: chrome on WINDOWS (d11b67beed15b5989380955f88a18f9e)] -> xpath: //a[contains(text(),'buy + sell')]]
2022-05-24 23:05:745 INFO  ManageDriver :35 - Launching Chrome Browser
2022-05-24 23:05:406 INFO  HomePage :40 - Clicking on buy and sell mouse hoover [[ChromeDriver: chrome on WINDOWS (2b6bc2acfec13b63f8736976fdcba9a6)] -> xpath: //a[contains(text(),'buy + sell')]]
2022-05-24 23:05:103 INFO  NewAndUsedCarSearchPage :48 - Clicking on used car click [[ChromeDriver: chrome on WINDOWS (2b6bc2acfec13b63f8736976fdcba9a6)] -> xpath: //div[@class='uhf-child-menu']//ul//li//a[text()='Used']]
2022-05-24 23:05:171 INFO  UsedCarForSalePage :24 - getting email  used car search from [[ChromeDriver: chrome on WINDOWS (2b6bc2acfec13b63f8736976fdcba9a6)] -> xpath: //h1[contains(text(),'Used Cars For Sale')]]
2022-05-24 23:05:670 INFO  NewAndUsedCarSearchPage :66 - Selecting make Jeep from dropdown [[ChromeDriver: chrome on WINDOWS (2b6bc2acfec13b63f8736976fdcba9a6)] -> xpath: //select[@id='makes']]
2022-05-24 23:05:64 INFO  NewAndUsedCarSearchPage :72 - Selecting model Wrangler from dropdown [[ChromeDriver: chrome on WINDOWS (2b6bc2acfec13b63f8736976fdcba9a6)] -> xpath: //select[@id='models']]
2022-05-24 23:05:508 INFO  NewAndUsedCarSearchPage :78 - Selecting location NSW - All from dropdown [[ChromeDriver: chrome on WINDOWS (2b6bc2acfec13b63f8736976fdcba9a6)] -> xpath: //select[@id='locations']]
2022-05-24 23:05:921 INFO  NewAndUsedCarSearchPage :83 - Selecting price $60,000 from dropdown [[ChromeDriver: chrome on WINDOWS (2b6bc2acfec13b63f8736976fdcba9a6)] -> xpath: //select[@id='priceTo']]
2022-05-24 23:05:151 INFO  NewAndUsedCarSearchPage :88 - Clicking on find my new car [[ChromeDriver: chrome on WINDOWS (2b6bc2acfec13b63f8736976fdcba9a6)] -> xpath: //input[@id='search-submit']]
2022-05-24 23:05:242 INFO  SearchForCarPage :22 - getting email  car make varrify from [[ChromeDriver: chrome on WINDOWS (2b6bc2acfec13b63f8736976fdcba9a6)] -> xpath: //h1[@class='listing-search-title']]
2022-05-24 23:05:931 INFO  ManageDriver :35 - Launching Chrome Browser
2022-05-24 23:05:751 INFO  HomePage :40 - Clicking on buy and sell mouse hoover [[ChromeDriver: chrome on WINDOWS (736486e95cbcfaf1b3b6cc5a44a426ab)] -> xpath: //a[contains(text(),'buy + sell')]]
2022-05-24 23:05:408 INFO  ManageDriver :35 - Launching Chrome Browser
2022-05-24 23:05:18 INFO  HomePage :40 - Clicking on buy and sell mouse hoover [[ChromeDriver: chrome on WINDOWS (ebd628c9253a81cab08728c13a5e613d)] -> xpath: //a[contains(text(),'buy + sell')]]
2022-05-24 23:05:758 INFO  ManageDriver :35 - Launching Chrome Browser
2022-05-24 23:05:604 INFO  HomePage :40 - Clicking on buy and sell mouse hoover [[ChromeDriver: chrome on WINDOWS (1954fb0099ccb40669b8866e7a156d10)] -> xpath: //a[contains(text(),'buy + sell')]]
2022-05-24 23:05:179 INFO  ManageDriver :35 - Launching Chrome Browser
2022-05-25 00:05:102 INFO  ManageDriver :35 - Launching Chrome Browser
2022-05-25 00:05:627 INFO  HomePage :44 - Clicking on buy and sell mouse hoover [[ChromeDriver: chrome on WINDOWS (579aa3eda9fd920306f9f2a9c54db4ff)] -> xpath: //a[contains(text(),'buy + sell')]]
2022-05-25 00:05:623 INFO  ManageDriver :35 - Launching Chrome Browser
2022-05-25 00:05:843 INFO  HomePage :44 - Clicking on buy and sell mouse hoover [[ChromeDriver: chrome on WINDOWS (408d92373ef171a1e98931305642901d)] -> xpath: //a[contains(text(),'buy + sell')]]
2022-05-25 00:05:927 INFO  ManageDriver :35 - Launching Chrome Browser
2022-05-25 00:05:30 INFO  HomePage :44 - Clicking on buy and sell mouse hoover [[ChromeDriver: chrome on WINDOWS (5122f0ffa47ddcff0ae507f72d574197)] -> xpath: //a[contains(text(),'buy + sell')]]
2022-05-25 00:05:998 INFO  ManageDriver :35 - Launching Chrome Browser
2022-05-25 00:05:28 INFO  HomePage :44 - Clicking on buy and sell mouse hoover [[ChromeDriver: chrome on WINDOWS (6c15692d7a501dac5efa3c640d1cfb79)] -> xpath: //a[contains(text(),'buy + sell')]]
2022-05-25 00:05:528 INFO  ManageDriver :35 - Launching Chrome Browser
2022-05-25 00:05:904 INFO  HomePage :44 - Clicking on buy and sell mouse hoover [[ChromeDriver: chrome on WINDOWS (864250af8cd9288fdb754d03f75b2081)] -> xpath: //a[contains(text(),'buy + sell')]]
2022-05-25 00:05:749 INFO  ManageDriver :35 - Launching Chrome Browser
2022-05-25 00:05:476 INFO  HomePage :44 - Clicking on buy and sell mouse hoover [[ChromeDriver: chrome on WINDOWS (41c034bf8430c71051527b57396e91db)] -> xpath: //a[contains(text(),'buy + sell')]]
2022-05-25 00:05:625 INFO  HomePage :61 - Fetching Dealer Name :[]
2022-05-25 00:05:447 INFO  ManageDriver :35 - Launching Chrome Browser
2022-05-25 00:05:799 INFO  HomePage :44 - Clicking on buy and sell mouse hoover [[ChromeDriver: chrome on WINDOWS (29d485452790768681f38d184a01d70c)] -> xpath: //a[contains(text(),'buy + sell')]]
2022-05-25 00:05:786 INFO  HomePage :55 - Clicking on  dealer click  [[ChromeDriver: chrome on WINDOWS (29d485452790768681f38d184a01d70c)] -> xpath: //a[contains(text(),'Find a Dealer')]]
2022-05-25 00:05:862 INFO  HomePage :61 - Fetching Dealer Name :[[[ChromeDriver: chrome on WINDOWS (29d485452790768681f38d184a01d70c)] -> xpath: //div[@class='dealerListing--name']//a], [[ChromeDriver: chrome on WINDOWS (29d485452790768681f38d184a01d70c)] -> xpath: //div[@class='dealerListing--name']//a], [[ChromeDriver: chrome on WINDOWS (29d485452790768681f38d184a01d70c)] -> xpath: //div[@class='dealerListing--name']//a], [[ChromeDriver: chrome on WINDOWS (29d485452790768681f38d184a01d70c)] -> xpath: //div[@class='dealerListing--name']//a], [[ChromeDriver: chrome on WINDOWS (29d485452790768681f38d184a01d70c)] -> xpath: //div[@class='dealerListing--name']//a], [[ChromeDriver: chrome on WINDOWS (29d485452790768681f38d184a01d70c)] -> xpath: //div[@class='dealerListing--name']//a], [[ChromeDriver: chrome on WINDOWS (29d485452790768681f38d184a01d70c)] -> xpath: //div[@class='dealerListing--name']//a]]
2022-05-25 00:05:231 INFO  HomePage :61 - Fetching Dealer Name :[[[ChromeDriver: chrome on WINDOWS (29d485452790768681f38d184a01d70c)] -> xpath: //div[@class='dealerListing--name']//a], [[ChromeDriver: chrome on WINDOWS (29d485452790768681f38d184a01d70c)] -> xpath: //div[@class='dealerListing--name']//a], [[ChromeDriver: chrome on WINDOWS (29d485452790768681f38d184a01d70c)] -> xpath: //div[@class='dealerListing--name']//a], [[ChromeDriver: chrome on WINDOWS (29d485452790768681f38d184a01d70c)] -> xpath: //div[@class='dealerListing--name']//a], [[ChromeDriver: chrome on WINDOWS (29d485452790768681f38d184a01d70c)] -> xpath: //div[@class='dealerListing--name']//a], [[ChromeDriver: chrome on WINDOWS (29d485452790768681f38d184a01d70c)] -> xpath: //div[@class='dealerListing--name']//a], [[ChromeDriver: chrome on WINDOWS (29d485452790768681f38d184a01d70c)] -> xpath: //div[@class='dealerListing--name']//a]]
2022-05-25 00:05:297 INFO  HomePage :61 - Fetching Dealer Name :[[[ChromeDriver: chrome on WINDOWS (29d485452790768681f38d184a01d70c)] -> xpath: //div[@class='dealerListing--name']//a], [[ChromeDriver: chrome on WINDOWS (29d485452790768681f38d184a01d70c)] -> xpath: //div[@class='dealerListing--name']//a], [[ChromeDriver: chrome on WINDOWS (29d485452790768681f38d184a01d70c)] -> xpath: //div[@class='dealerListing--name']//a], [[ChromeDriver: chrome on WINDOWS (29d485452790768681f38d184a01d70c)] -> xpath: //div[@class='dealerListing--name']//a], [[ChromeDriver: chrome on WINDOWS (29d485452790768681f38d184a01d70c)] -> xpath: //div[@class='dealerListing--name']//a], [[ChromeDriver: chrome on WINDOWS (29d485452790768681f38d184a01d70c)] -> xpath: //div[@class='dealerListing--name']//a], [[ChromeDriver: chrome on WINDOWS (29d485452790768681f38d184a01d70c)] -> xpath: //div[@class='dealerListing--name']//a]]
2022-05-25 00:05:851 INFO  HomePage :61 - Fetching Dealer Name :[[[ChromeDriver: chrome on WINDOWS (29d485452790768681f38d184a01d70c)] -> xpath: //div[@class='dealerListing--name']//a], [[ChromeDriver: chrome on WINDOWS (29d485452790768681f38d184a01d70c)] -> xpath: //div[@class='dealerListing--name']//a], [[ChromeDriver: chrome on WINDOWS (29d485452790768681f38d184a01d70c)] -> xpath: //div[@class='dealerListing--name']//a], [[ChromeDriver: chrome on WINDOWS (29d485452790768681f38d184a01d70c)] -> xpath: //div[@class='dealerListing--name']//a], [[ChromeDriver: chrome on WINDOWS (29d485452790768681f38d184a01d70c)] -> xpath: //div[@class='dealerListing--name']//a], [[ChromeDriver: chrome on WINDOWS (29d485452790768681f38d184a01d70c)] -> xpath: //div[@class='dealerListing--name']//a], [[ChromeDriver: chrome on WINDOWS (29d485452790768681f38d184a01d70c)] -> xpath: //div[@class='dealerListing--name']//a]]
2022-05-25 00:05:294 INFO  HomePage :44 - Clicking on buy and sell mouse hoover [[FirefoxDriver: firefox on WINDOWS (fa273afc-dc3a-4e2f-baf0-6afc1e322043)] -> xpath: //a[contains(text(),'buy + sell')]]
2022-05-25 00:05:947 INFO  HomePage :55 - Clicking on  dealer click  [[FirefoxDriver: firefox on WINDOWS (fa273afc-dc3a-4e2f-baf0-6afc1e322043)] -> xpath: //a[contains(text(),'Find a Dealer')]]
2022-05-25 00:05:302 INFO  HomePage :61 - Fetching Dealer Name :[[[FirefoxDriver: firefox on WINDOWS (fa273afc-dc3a-4e2f-baf0-6afc1e322043)] -> xpath: //div[@class='dealerListing--name']//a], [[FirefoxDriver: firefox on WINDOWS (fa273afc-dc3a-4e2f-baf0-6afc1e322043)] -> xpath: //div[@class='dealerListing--name']//a], [[FirefoxDriver: firefox on WINDOWS (fa273afc-dc3a-4e2f-baf0-6afc1e322043)] -> xpath: //div[@class='dealerListing--name']//a], [[FirefoxDriver: firefox on WINDOWS (fa273afc-dc3a-4e2f-baf0-6afc1e322043)] -> xpath: //div[@class='dealerListing--name']//a], [[FirefoxDriver: firefox on WINDOWS (fa273afc-dc3a-4e2f-baf0-6afc1e322043)] -> xpath: //div[@class='dealerListing--name']//a], [[FirefoxDriver: firefox on WINDOWS (fa273afc-dc3a-4e2f-baf0-6afc1e322043)] -> xpath: //div[@class='dealerListing--name']//a], [[FirefoxDriver: firefox on WINDOWS (fa273afc-dc3a-4e2f-baf0-6afc1e322043)] -> xpath: //div[@class='dealerListing--name']//a]]
2022-05-25 00:05:593 INFO  HomePage :61 - Fetching Dealer Name :[[[FirefoxDriver: firefox on WINDOWS (fa273afc-dc3a-4e2f-baf0-6afc1e322043)] -> xpath: //div[@class='dealerListing--name']//a], [[FirefoxDriver: firefox on WINDOWS (fa273afc-dc3a-4e2f-baf0-6afc1e322043)] -> xpath: //div[@class='dealerListing--name']//a], [[FirefoxDriver: firefox on WINDOWS (fa273afc-dc3a-4e2f-baf0-6afc1e322043)] -> xpath: //div[@class='dealerListing--name']//a], [[FirefoxDriver: firefox on WINDOWS (fa273afc-dc3a-4e2f-baf0-6afc1e322043)] -> xpath: //div[@class='dealerListing--name']//a], [[FirefoxDriver: firefox on WINDOWS (fa273afc-dc3a-4e2f-baf0-6afc1e322043)] -> xpath: //div[@class='dealerListing--name']//a], [[FirefoxDriver: firefox on WINDOWS (fa273afc-dc3a-4e2f-baf0-6afc1e322043)] -> xpath: //div[@class='dealerListing--name']//a], [[FirefoxDriver: firefox on WINDOWS (fa273afc-dc3a-4e2f-baf0-6afc1e322043)] -> xpath: //div[@class='dealerListing--name']//a]]
2022-05-25 00:05:805 INFO  HomePage :61 - Fetching Dealer Name :[[[FirefoxDriver: firefox on WINDOWS (fa273afc-dc3a-4e2f-baf0-6afc1e322043)] -> xpath: //div[@class='dealerListing--name']//a], [[FirefoxDriver: firefox on WINDOWS (fa273afc-dc3a-4e2f-baf0-6afc1e322043)] -> xpath: //div[@class='dealerListing--name']//a], [[FirefoxDriver: firefox on WINDOWS (fa273afc-dc3a-4e2f-baf0-6afc1e322043)] -> xpath: //div[@class='dealerListing--name']//a], [[FirefoxDriver: firefox on WINDOWS (fa273afc-dc3a-4e2f-baf0-6afc1e322043)] -> xpath: //div[@class='dealerListing--name']//a], [[FirefoxDriver: firefox on WINDOWS (fa273afc-dc3a-4e2f-baf0-6afc1e322043)] -> xpath: //div[@class='dealerListing--name']//a], [[FirefoxDriver: firefox on WINDOWS (fa273afc-dc3a-4e2f-baf0-6afc1e322043)] -> xpath: //div[@class='dealerListing--name']//a], [[FirefoxDriver: firefox on WINDOWS (fa273afc-dc3a-4e2f-baf0-6afc1e322043)] -> xpath: //div[@class='dealerListing--name']//a]]
2022-05-25 00:05:234 INFO  HomePage :61 - Fetching Dealer Name :[[[FirefoxDriver: firefox on WINDOWS (fa273afc-dc3a-4e2f-baf0-6afc1e322043)] -> xpath: //div[@class='dealerListing--name']//a], [[FirefoxDriver: firefox on WINDOWS (fa273afc-dc3a-4e2f-baf0-6afc1e322043)] -> xpath: //div[@class='dealerListing--name']//a], [[FirefoxDriver: firefox on WINDOWS (fa273afc-dc3a-4e2f-baf0-6afc1e322043)] -> xpath: //div[@class='dealerListing--name']//a], [[FirefoxDriver: firefox on WINDOWS (fa273afc-dc3a-4e2f-baf0-6afc1e322043)] -> xpath: //div[@class='dealerListing--name']//a], [[FirefoxDriver: firefox on WINDOWS (fa273afc-dc3a-4e2f-baf0-6afc1e322043)] -> xpath: //div[@class='dealerListing--name']//a], [[FirefoxDriver: firefox on WINDOWS (fa273afc-dc3a-4e2f-baf0-6afc1e322043)] -> xpath: //div[@class='dealerListing--name']//a], [[FirefoxDriver: firefox on WINDOWS (fa273afc-dc3a-4e2f-baf0-6afc1e322043)] -> xpath: //div[@class='dealerListing--name']//a]]
2022-05-25 00:05:642 INFO  HomePage :61 - Fetching Dealer Name :[[[FirefoxDriver: firefox on WINDOWS (fa273afc-dc3a-4e2f-baf0-6afc1e322043)] -> xpath: //div[@class='dealerListing--name']//a], [[FirefoxDriver: firefox on WINDOWS (fa273afc-dc3a-4e2f-baf0-6afc1e322043)] -> xpath: //div[@class='dealerListing--name']//a], [[FirefoxDriver: firefox on WINDOWS (fa273afc-dc3a-4e2f-baf0-6afc1e322043)] -> xpath: //div[@class='dealerListing--name']//a], [[FirefoxDriver: firefox on WINDOWS (fa273afc-dc3a-4e2f-baf0-6afc1e322043)] -> xpath: //div[@class='dealerListing--name']//a], [[FirefoxDriver: firefox on WINDOWS (fa273afc-dc3a-4e2f-baf0-6afc1e322043)] -> xpath: //div[@class='dealerListing--name']//a], [[FirefoxDriver: firefox on WINDOWS (fa273afc-dc3a-4e2f-baf0-6afc1e322043)] -> xpath: //div[@class='dealerListing--name']//a], [[FirefoxDriver: firefox on WINDOWS (fa273afc-dc3a-4e2f-baf0-6afc1e322043)] -> xpath: //div[@class='dealerListing--name']//a]]
2022-05-25 00:05:245 INFO  HomePage :61 - Fetching Dealer Name :[[[FirefoxDriver: firefox on WINDOWS (fa273afc-dc3a-4e2f-baf0-6afc1e322043)] -> xpath: //div[@class='dealerListing--name']//a], [[FirefoxDriver: firefox on WINDOWS (fa273afc-dc3a-4e2f-baf0-6afc1e322043)] -> xpath: //div[@class='dealerListing--name']//a], [[FirefoxDriver: firefox on WINDOWS (fa273afc-dc3a-4e2f-baf0-6afc1e322043)] -> xpath: //div[@class='dealerListing--name']//a], [[FirefoxDriver: firefox on WINDOWS (fa273afc-dc3a-4e2f-baf0-6afc1e322043)] -> xpath: //div[@class='dealerListing--name']//a], [[FirefoxDriver: firefox on WINDOWS (fa273afc-dc3a-4e2f-baf0-6afc1e322043)] -> xpath: //div[@class='dealerListing--name']//a], [[FirefoxDriver: firefox on WINDOWS (fa273afc-dc3a-4e2f-baf0-6afc1e322043)] -> xpath: //div[@class='dealerListing--name']//a], [[FirefoxDriver: firefox on WINDOWS (fa273afc-dc3a-4e2f-baf0-6afc1e322043)] -> xpath: //div[@class='dealerListing--name']//a]]
2022-05-25 00:05:901 INFO  HomePage :61 - Fetching Dealer Name :[[[FirefoxDriver: firefox on WINDOWS (fa273afc-dc3a-4e2f-baf0-6afc1e322043)] -> xpath: //div[@class='dealerListing--name']//a], [[FirefoxDriver: firefox on WINDOWS (fa273afc-dc3a-4e2f-baf0-6afc1e322043)] -> xpath: //div[@class='dealerListing--name']//a], [[FirefoxDriver: firefox on WINDOWS (fa273afc-dc3a-4e2f-baf0-6afc1e322043)] -> xpath: //div[@class='dealerListing--name']//a], [[FirefoxDriver: firefox on WINDOWS (fa273afc-dc3a-4e2f-baf0-6afc1e322043)] -> xpath: //div[@class='dealerListing--name']//a], [[FirefoxDriver: firefox on WINDOWS (fa273afc-dc3a-4e2f-baf0-6afc1e322043)] -> xpath: //div[@class='dealerListing--name']//a], [[FirefoxDriver: firefox on WINDOWS (fa273afc-dc3a-4e2f-baf0-6afc1e322043)] -> xpath: //div[@class='dealerListing--name']//a], [[FirefoxDriver: firefox on WINDOWS (fa273afc-dc3a-4e2f-baf0-6afc1e322043)] -> xpath: //div[@class='dealerListing--name']//a]]
2022-05-25 00:05:173 INFO  HomePage :61 - Fetching Dealer Name :[[[FirefoxDriver: firefox on WINDOWS (fa273afc-dc3a-4e2f-baf0-6afc1e322043)] -> xpath: //div[@class='dealerListing--name']//a], [[FirefoxDriver: firefox on WINDOWS (fa273afc-dc3a-4e2f-baf0-6afc1e322043)] -> xpath: //div[@class='dealerListing--name']//a], [[FirefoxDriver: firefox on WINDOWS (fa273afc-dc3a-4e2f-baf0-6afc1e322043)] -> xpath: //div[@class='dealerListing--name']//a], [[FirefoxDriver: firefox on WINDOWS (fa273afc-dc3a-4e2f-baf0-6afc1e322043)] -> xpath: //div[@class='dealerListing--name']//a], [[FirefoxDriver: firefox on WINDOWS (fa273afc-dc3a-4e2f-baf0-6afc1e322043)] -> xpath: //div[@class='dealerListing--name']//a], [[FirefoxDriver: firefox on WINDOWS (fa273afc-dc3a-4e2f-baf0-6afc1e322043)] -> xpath: //div[@class='dealerListing--name']//a], [[FirefoxDriver: firefox on WINDOWS (fa273afc-dc3a-4e2f-baf0-6afc1e322043)] -> xpath: //div[@class='dealerListing--name']//a]]
2022-05-25 00:05:358 INFO  HomePage :61 - Fetching Dealer Name :[[[FirefoxDriver: firefox on WINDOWS (fa273afc-dc3a-4e2f-baf0-6afc1e322043)] -> xpath: //div[@class='dealerListing--name']//a], [[FirefoxDriver: firefox on WINDOWS (fa273afc-dc3a-4e2f-baf0-6afc1e322043)] -> xpath: //div[@class='dealerListing--name']//a], [[FirefoxDriver: firefox on WINDOWS (fa273afc-dc3a-4e2f-baf0-6afc1e322043)] -> xpath: //div[@class='dealerListing--name']//a], [[FirefoxDriver: firefox on WINDOWS (fa273afc-dc3a-4e2f-baf0-6afc1e322043)] -> xpath: //div[@class='dealerListing--name']//a], [[FirefoxDriver: firefox on WINDOWS (fa273afc-dc3a-4e2f-baf0-6afc1e322043)] -> xpath: //div[@class='dealerListing--name']//a], [[FirefoxDriver: firefox on WINDOWS (fa273afc-dc3a-4e2f-baf0-6afc1e322043)] -> xpath: //div[@class='dealerListing--name']//a], [[FirefoxDriver: firefox on WINDOWS (fa273afc-dc3a-4e2f-baf0-6afc1e322043)] -> xpath: //div[@class='dealerListing--name']//a]]
2022-05-25 00:05:552 INFO  HomePage :61 - Fetching Dealer Name :[[[FirefoxDriver: firefox on WINDOWS (fa273afc-dc3a-4e2f-baf0-6afc1e322043)] -> xpath: //div[@class='dealerListing--name']//a], [[FirefoxDriver: firefox on WINDOWS (fa273afc-dc3a-4e2f-baf0-6afc1e322043)] -> xpath: //div[@class='dealerListing--name']//a], [[FirefoxDriver: firefox on WINDOWS (fa273afc-dc3a-4e2f-baf0-6afc1e322043)] -> xpath: //div[@class='dealerListing--name']//a], [[FirefoxDriver: firefox on WINDOWS (fa273afc-dc3a-4e2f-baf0-6afc1e322043)] -> xpath: //div[@class='dealerListing--name']//a], [[FirefoxDriver: firefox on WINDOWS (fa273afc-dc3a-4e2f-baf0-6afc1e322043)] -> xpath: //div[@class='dealerListing--name']//a], [[FirefoxDriver: firefox on WINDOWS (fa273afc-dc3a-4e2f-baf0-6afc1e322043)] -> xpath: //div[@class='dealerListing--name']//a], [[FirefoxDriver: firefox on WINDOWS (fa273afc-dc3a-4e2f-baf0-6afc1e322043)] -> xpath: //div[@class='dealerListing--name']//a]]
2022-05-25 00:05:747 INFO  HomePage :61 - Fetching Dealer Name :[[[FirefoxDriver: firefox on WINDOWS (fa273afc-dc3a-4e2f-baf0-6afc1e322043)] -> xpath: //div[@class='dealerListing--name']//a], [[FirefoxDriver: firefox on WINDOWS (fa273afc-dc3a-4e2f-baf0-6afc1e322043)] -> xpath: //div[@class='dealerListing--name']//a], [[FirefoxDriver: firefox on WINDOWS (fa273afc-dc3a-4e2f-baf0-6afc1e322043)] -> xpath: //div[@class='dealerListing--name']//a], [[FirefoxDriver: firefox on WINDOWS (fa273afc-dc3a-4e2f-baf0-6afc1e322043)] -> xpath: //div[@class='dealerListing--name']//a], [[FirefoxDriver: firefox on WINDOWS (fa273afc-dc3a-4e2f-baf0-6afc1e322043)] -> xpath: //div[@class='dealerListing--name']//a], [[FirefoxDriver: firefox on WINDOWS (fa273afc-dc3a-4e2f-baf0-6afc1e322043)] -> xpath: //div[@class='dealerListing--name']//a], [[FirefoxDriver: firefox on WINDOWS (fa273afc-dc3a-4e2f-baf0-6afc1e322043)] -> xpath: //div[@class='dealerListing--name']//a]]
2022-05-25 00:05:890 INFO  HomePage :61 - Fetching Dealer Name :[[[FirefoxDriver: firefox on WINDOWS (fa273afc-dc3a-4e2f-baf0-6afc1e322043)] -> xpath: //div[@class='dealerListing--name']//a], [[FirefoxDriver: firefox on WINDOWS (fa273afc-dc3a-4e2f-baf0-6afc1e322043)] -> xpath: //div[@class='dealerListing--name']//a], [[FirefoxDriver: firefox on WINDOWS (fa273afc-dc3a-4e2f-baf0-6afc1e322043)] -> xpath: //div[@class='dealerListing--name']//a], [[FirefoxDriver: firefox on WINDOWS (fa273afc-dc3a-4e2f-baf0-6afc1e322043)] -> xpath: //div[@class='dealerListing--name']//a], [[FirefoxDriver: firefox on WINDOWS (fa273afc-dc3a-4e2f-baf0-6afc1e322043)] -> xpath: //div[@class='dealerListing--name']//a], [[FirefoxDriver: firefox on WINDOWS (fa273afc-dc3a-4e2f-baf0-6afc1e322043)] -> xpath: //div[@class='dealerListing--name']//a], [[FirefoxDriver: firefox on WINDOWS (fa273afc-dc3a-4e2f-baf0-6afc1e322043)] -> xpath: //div[@class='dealerListing--name']//a]]
2022-05-25 00:05:990 INFO  HomePage :61 - Fetching Dealer Name :[[[FirefoxDriver: firefox on WINDOWS (fa273afc-dc3a-4e2f-baf0-6afc1e322043)] -> xpath: //div[@class='dealerListing--name']//a], [[FirefoxDriver: firefox on WINDOWS (fa273afc-dc3a-4e2f-baf0-6afc1e322043)] -> xpath: //div[@class='dealerListing--name']//a], [[FirefoxDriver: firefox on WINDOWS (fa273afc-dc3a-4e2f-baf0-6afc1e322043)] -> xpath: //div[@class='dealerListing--name']//a], [[FirefoxDriver: firefox on WINDOWS (fa273afc-dc3a-4e2f-baf0-6afc1e322043)] -> xpath: //div[@class='dealerListing--name']//a], [[FirefoxDriver: firefox on WINDOWS (fa273afc-dc3a-4e2f-baf0-6afc1e322043)] -> xpath: //div[@class='dealerListing--name']//a], [[FirefoxDriver: firefox on WINDOWS (fa273afc-dc3a-4e2f-baf0-6afc1e322043)] -> xpath: //div[@class='dealerListing--name']//a], [[FirefoxDriver: firefox on WINDOWS (fa273afc-dc3a-4e2f-baf0-6afc1e322043)] -> xpath: //div[@class='dealerListing--name']//a]]
2022-05-25 00:05:293 INFO  HomePage :61 - Fetching Dealer Name :[[[FirefoxDriver: firefox on WINDOWS (fa273afc-dc3a-4e2f-baf0-6afc1e322043)] -> xpath: //div[@class='dealerListing--name']//a], [[FirefoxDriver: firefox on WINDOWS (fa273afc-dc3a-4e2f-baf0-6afc1e322043)] -> xpath: //div[@class='dealerListing--name']//a], [[FirefoxDriver: firefox on WINDOWS (fa273afc-dc3a-4e2f-baf0-6afc1e322043)] -> xpath: //div[@class='dealerListing--name']//a], [[FirefoxDriver: firefox on WINDOWS (fa273afc-dc3a-4e2f-baf0-6afc1e322043)] -> xpath: //div[@class='dealerListing--name']//a], [[FirefoxDriver: firefox on WINDOWS (fa273afc-dc3a-4e2f-baf0-6afc1e322043)] -> xpath: //div[@class='dealerListing--name']//a], [[FirefoxDriver: firefox on WINDOWS (fa273afc-dc3a-4e2f-baf0-6afc1e322043)] -> xpath: //div[@class='dealerListing--name']//a], [[FirefoxDriver: firefox on WINDOWS (fa273afc-dc3a-4e2f-baf0-6afc1e322043)] -> xpath: //div[@class='dealerListing--name']//a]]
2022-05-25 00:05:753 INFO  HomePage :61 - Fetching Dealer Name :[[[FirefoxDriver: firefox on WINDOWS (fa273afc-dc3a-4e2f-baf0-6afc1e322043)] -> xpath: //div[@class='dealerListing--name']//a], [[FirefoxDriver: firefox on WINDOWS (fa273afc-dc3a-4e2f-baf0-6afc1e322043)] -> xpath: //div[@class='dealerListing--name']//a], [[FirefoxDriver: firefox on WINDOWS (fa273afc-dc3a-4e2f-baf0-6afc1e322043)] -> xpath: //div[@class='dealerListing--name']//a], [[FirefoxDriver: firefox on WINDOWS (fa273afc-dc3a-4e2f-baf0-6afc1e322043)] -> xpath: //div[@class='dealerListing--name']//a], [[FirefoxDriver: firefox on WINDOWS (fa273afc-dc3a-4e2f-baf0-6afc1e322043)] -> xpath: //div[@class='dealerListing--name']//a], [[FirefoxDriver: firefox on WINDOWS (fa273afc-dc3a-4e2f-baf0-6afc1e322043)] -> xpath: //div[@class='dealerListing--name']//a], [[FirefoxDriver: firefox on WINDOWS (fa273afc-dc3a-4e2f-baf0-6afc1e322043)] -> xpath: //div[@class='dealerListing--name']//a]]
2022-05-25 00:05:735 INFO  HomePage :44 - Clicking on buy and sell mouse hoover [[FirefoxDriver: firefox on WINDOWS (b0d05fa7-0c47-4d69-93d9-fe0857af656a)] -> xpath: //a[contains(text(),'buy + sell')]]
2022-05-25 00:05:774 INFO  HomePage :55 - Clicking on  dealer click  [[FirefoxDriver: firefox on WINDOWS (b0d05fa7-0c47-4d69-93d9-fe0857af656a)] -> xpath: //a[contains(text(),'Find a Dealer')]]
2022-05-25 00:05:890 INFO  HomePage :61 - Fetching Dealer Name :[[[FirefoxDriver: firefox on WINDOWS (b0d05fa7-0c47-4d69-93d9-fe0857af656a)] -> xpath: //div[@class='dealerListing--name']//a], [[FirefoxDriver: firefox on WINDOWS (b0d05fa7-0c47-4d69-93d9-fe0857af656a)] -> xpath: //div[@class='dealerListing--name']//a], [[FirefoxDriver: firefox on WINDOWS (b0d05fa7-0c47-4d69-93d9-fe0857af656a)] -> xpath: //div[@class='dealerListing--name']//a], [[FirefoxDriver: firefox on WINDOWS (b0d05fa7-0c47-4d69-93d9-fe0857af656a)] -> xpath: //div[@class='dealerListing--name']//a], [[FirefoxDriver: firefox on WINDOWS (b0d05fa7-0c47-4d69-93d9-fe0857af656a)] -> xpath: //div[@class='dealerListing--name']//a], [[FirefoxDriver: firefox on WINDOWS (b0d05fa7-0c47-4d69-93d9-fe0857af656a)] -> xpath: //div[@class='dealerListing--name']//a], [[FirefoxDriver: firefox on WINDOWS (b0d05fa7-0c47-4d69-93d9-fe0857af656a)] -> xpath: //div[@class='dealerListing--name']//a]]
2022-05-25 00:05:366 INFO  HomePage :61 - Fetching Dealer Name :[[[FirefoxDriver: firefox on WINDOWS (b0d05fa7-0c47-4d69-93d9-fe0857af656a)] -> xpath: //div[@class='dealerListing--name']//a], [[FirefoxDriver: firefox on WINDOWS (b0d05fa7-0c47-4d69-93d9-fe0857af656a)] -> xpath: //div[@class='dealerListing--name']//a], [[FirefoxDriver: firefox on WINDOWS (b0d05fa7-0c47-4d69-93d9-fe0857af656a)] -> xpath: //div[@class='dealerListing--name']//a], [[FirefoxDriver: firefox on WINDOWS (b0d05fa7-0c47-4d69-93d9-fe0857af656a)] -> xpath: //div[@class='dealerListing--name']//a], [[FirefoxDriver: firefox on WINDOWS (b0d05fa7-0c47-4d69-93d9-fe0857af656a)] -> xpath: //div[@class='dealerListing--name']//a], [[FirefoxDriver: firefox on WINDOWS (b0d05fa7-0c47-4d69-93d9-fe0857af656a)] -> xpath: //div[@class='dealerListing--name']//a], [[FirefoxDriver: firefox on WINDOWS (b0d05fa7-0c47-4d69-93d9-fe0857af656a)] -> xpath: //div[@class='dealerListing--name']//a]]
2022-05-25 00:05:650 INFO  HomePage :61 - Fetching Dealer Name :[[[FirefoxDriver: firefox on WINDOWS (b0d05fa7-0c47-4d69-93d9-fe0857af656a)] -> xpath: //div[@class='dealerListing--name']//a], [[FirefoxDriver: firefox on WINDOWS (b0d05fa7-0c47-4d69-93d9-fe0857af656a)] -> xpath: //div[@class='dealerListing--name']//a], [[FirefoxDriver: firefox on WINDOWS (b0d05fa7-0c47-4d69-93d9-fe0857af656a)] -> xpath: //div[@class='dealerListing--name']//a], [[FirefoxDriver: firefox on WINDOWS (b0d05fa7-0c47-4d69-93d9-fe0857af656a)] -> xpath: //div[@class='dealerListing--name']//a], [[FirefoxDriver: firefox on WINDOWS (b0d05fa7-0c47-4d69-93d9-fe0857af656a)] -> xpath: //div[@class='dealerListing--name']//a], [[FirefoxDriver: firefox on WINDOWS (b0d05fa7-0c47-4d69-93d9-fe0857af656a)] -> xpath: //div[@class='dealerListing--name']//a], [[FirefoxDriver: firefox on WINDOWS (b0d05fa7-0c47-4d69-93d9-fe0857af656a)] -> xpath: //div[@class='dealerListing--name']//a]]
2022-05-25 00:05:682 INFO  HomePage :61 - Fetching Dealer Name :[[[FirefoxDriver: firefox on WINDOWS (b0d05fa7-0c47-4d69-93d9-fe0857af656a)] -> xpath: //div[@class='dealerListing--name']//a], [[FirefoxDriver: firefox on WINDOWS (b0d05fa7-0c47-4d69-93d9-fe0857af656a)] -> xpath: //div[@class='dealerListing--name']//a], [[FirefoxDriver: firefox on WINDOWS (b0d05fa7-0c47-4d69-93d9-fe0857af656a)] -> xpath: //div[@class='dealerListing--name']//a], [[FirefoxDriver: firefox on WINDOWS (b0d05fa7-0c47-4d69-93d9-fe0857af656a)] -> xpath: //div[@class='dealerListing--name']//a], [[FirefoxDriver: firefox on WINDOWS (b0d05fa7-0c47-4d69-93d9-fe0857af656a)] -> xpath: //div[@class='dealerListing--name']//a], [[FirefoxDriver: firefox on WINDOWS (b0d05fa7-0c47-4d69-93d9-fe0857af656a)] -> xpath: //div[@class='dealerListing--name']//a], [[FirefoxDriver: firefox on WINDOWS (b0d05fa7-0c47-4d69-93d9-fe0857af656a)] -> xpath: //div[@class='dealerListing--name']//a]]
2022-05-25 00:05:108 INFO  HomePage :61 - Fetching Dealer Name :[[[FirefoxDriver: firefox on WINDOWS (b0d05fa7-0c47-4d69-93d9-fe0857af656a)] -> xpath: //div[@class='dealerListing--name']//a], [[FirefoxDriver: firefox on WINDOWS (b0d05fa7-0c47-4d69-93d9-fe0857af656a)] -> xpath: //div[@class='dealerListing--name']//a], [[FirefoxDriver: firefox on WINDOWS (b0d05fa7-0c47-4d69-93d9-fe0857af656a)] -> xpath: //div[@class='dealerListing--name']//a], [[FirefoxDriver: firefox on WINDOWS (b0d05fa7-0c47-4d69-93d9-fe0857af656a)] -> xpath: //div[@class='dealerListing--name']//a], [[FirefoxDriver: firefox on WINDOWS (b0d05fa7-0c47-4d69-93d9-fe0857af656a)] -> xpath: //div[@class='dealerListing--name']//a], [[FirefoxDriver: firefox on WINDOWS (b0d05fa7-0c47-4d69-93d9-fe0857af656a)] -> xpath: //div[@class='dealerListing--name']//a], [[FirefoxDriver: firefox on WINDOWS (b0d05fa7-0c47-4d69-93d9-fe0857af656a)] -> xpath: //div[@class='dealerListing--name']//a]]
2022-05-25 00:05:187 INFO  HomePage :61 - Fetching Dealer Name :[[[FirefoxDriver: firefox on WINDOWS (b0d05fa7-0c47-4d69-93d9-fe0857af656a)] -> xpath: //div[@class='dealerListing--name']//a], [[FirefoxDriver: firefox on WINDOWS (b0d05fa7-0c47-4d69-93d9-fe0857af656a)] -> xpath: //div[@class='dealerListing--name']//a], [[FirefoxDriver: firefox on WINDOWS (b0d05fa7-0c47-4d69-93d9-fe0857af656a)] -> xpath: //div[@class='dealerListing--name']//a], [[FirefoxDriver: firefox on WINDOWS (b0d05fa7-0c47-4d69-93d9-fe0857af656a)] -> xpath: //div[@class='dealerListing--name']//a], [[FirefoxDriver: firefox on WINDOWS (b0d05fa7-0c47-4d69-93d9-fe0857af656a)] -> xpath: //div[@class='dealerListing--name']//a], [[FirefoxDriver: firefox on WINDOWS (b0d05fa7-0c47-4d69-93d9-fe0857af656a)] -> xpath: //div[@class='dealerListing--name']//a], [[FirefoxDriver: firefox on WINDOWS (b0d05fa7-0c47-4d69-93d9-fe0857af656a)] -> xpath: //div[@class='dealerListing--name']//a]]
2022-05-25 00:05:171 INFO  HomePage :61 - Fetching Dealer Name :[[[FirefoxDriver: firefox on WINDOWS (b0d05fa7-0c47-4d69-93d9-fe0857af656a)] -> xpath: //div[@class='dealerListing--name']//a], [[FirefoxDriver: firefox on WINDOWS (b0d05fa7-0c47-4d69-93d9-fe0857af656a)] -> xpath: //div[@class='dealerListing--name']//a], [[FirefoxDriver: firefox on WINDOWS (b0d05fa7-0c47-4d69-93d9-fe0857af656a)] -> xpath: //div[@class='dealerListing--name']//a], [[FirefoxDriver: firefox on WINDOWS (b0d05fa7-0c47-4d69-93d9-fe0857af656a)] -> xpath: //div[@class='dealerListing--name']//a], [[FirefoxDriver: firefox on WINDOWS (b0d05fa7-0c47-4d69-93d9-fe0857af656a)] -> xpath: //div[@class='dealerListing--name']//a], [[FirefoxDriver: firefox on WINDOWS (b0d05fa7-0c47-4d69-93d9-fe0857af656a)] -> xpath: //div[@class='dealerListing--name']//a], [[FirefoxDriver: firefox on WINDOWS (b0d05fa7-0c47-4d69-93d9-fe0857af656a)] -> xpath: //div[@class='dealerListing--name']//a]]
2022-05-25 00:05:679 INFO  HomePage :61 - Fetching Dealer Name :[[[FirefoxDriver: firefox on WINDOWS (b0d05fa7-0c47-4d69-93d9-fe0857af656a)] -> xpath: //div[@class='dealerListing--name']//a], [[FirefoxDriver: firefox on WINDOWS (b0d05fa7-0c47-4d69-93d9-fe0857af656a)] -> xpath: //div[@class='dealerListing--name']//a], [[FirefoxDriver: firefox on WINDOWS (b0d05fa7-0c47-4d69-93d9-fe0857af656a)] -> xpath: //div[@class='dealerListing--name']//a], [[FirefoxDriver: firefox on WINDOWS (b0d05fa7-0c47-4d69-93d9-fe0857af656a)] -> xpath: //div[@class='dealerListing--name']//a], [[FirefoxDriver: firefox on WINDOWS (b0d05fa7-0c47-4d69-93d9-fe0857af656a)] -> xpath: //div[@class='dealerListing--name']//a], [[FirefoxDriver: firefox on WINDOWS (b0d05fa7-0c47-4d69-93d9-fe0857af656a)] -> xpath: //div[@class='dealerListing--name']//a], [[FirefoxDriver: firefox on WINDOWS (b0d05fa7-0c47-4d69-93d9-fe0857af656a)] -> xpath: //div[@class='dealerListing--name']//a]]
2022-05-25 00:05:794 INFO  HomePage :61 - Fetching Dealer Name :[[[FirefoxDriver: firefox on WINDOWS (b0d05fa7-0c47-4d69-93d9-fe0857af656a)] -> xpath: //div[@class='dealerListing--name']//a], [[FirefoxDriver: firefox on WINDOWS (b0d05fa7-0c47-4d69-93d9-fe0857af656a)] -> xpath: //div[@class='dealerListing--name']//a], [[FirefoxDriver: firefox on WINDOWS (b0d05fa7-0c47-4d69-93d9-fe0857af656a)] -> xpath: //div[@class='dealerListing--name']//a], [[FirefoxDriver: firefox on WINDOWS (b0d05fa7-0c47-4d69-93d9-fe0857af656a)] -> xpath: //div[@class='dealerListing--name']//a], [[FirefoxDriver: firefox on WINDOWS (b0d05fa7-0c47-4d69-93d9-fe0857af656a)] -> xpath: //div[@class='dealerListing--name']//a], [[FirefoxDriver: firefox on WINDOWS (b0d05fa7-0c47-4d69-93d9-fe0857af656a)] -> xpath: //div[@class='dealerListing--name']//a], [[FirefoxDriver: firefox on WINDOWS (b0d05fa7-0c47-4d69-93d9-fe0857af656a)] -> xpath: //div[@class='dealerListing--name']//a]]
2022-05-25 00:05:70 INFO  HomePage :61 - Fetching Dealer Name :[[[FirefoxDriver: firefox on WINDOWS (b0d05fa7-0c47-4d69-93d9-fe0857af656a)] -> xpath: //div[@class='dealerListing--name']//a], [[FirefoxDriver: firefox on WINDOWS (b0d05fa7-0c47-4d69-93d9-fe0857af656a)] -> xpath: //div[@class='dealerListing--name']//a], [[FirefoxDriver: firefox on WINDOWS (b0d05fa7-0c47-4d69-93d9-fe0857af656a)] -> xpath: //div[@class='dealerListing--name']//a], [[FirefoxDriver: firefox on WINDOWS (b0d05fa7-0c47-4d69-93d9-fe0857af656a)] -> xpath: //div[@class='dealerListing--name']//a], [[FirefoxDriver: firefox on WINDOWS (b0d05fa7-0c47-4d69-93d9-fe0857af656a)] -> xpath: //div[@class='dealerListing--name']//a], [[FirefoxDriver: firefox on WINDOWS (b0d05fa7-0c47-4d69-93d9-fe0857af656a)] -> xpath: //div[@class='dealerListing--name']//a], [[FirefoxDriver: firefox on WINDOWS (b0d05fa7-0c47-4d69-93d9-fe0857af656a)] -> xpath: //div[@class='dealerListing--name']//a]]
2022-05-25 00:05:292 INFO  HomePage :61 - Fetching Dealer Name :[[[FirefoxDriver: firefox on WINDOWS (b0d05fa7-0c47-4d69-93d9-fe0857af656a)] -> xpath: //div[@class='dealerListing--name']//a], [[FirefoxDriver: firefox on WINDOWS (b0d05fa7-0c47-4d69-93d9-fe0857af656a)] -> xpath: //div[@class='dealerListing--name']//a], [[FirefoxDriver: firefox on WINDOWS (b0d05fa7-0c47-4d69-93d9-fe0857af656a)] -> xpath: //div[@class='dealerListing--name']//a], [[FirefoxDriver: firefox on WINDOWS (b0d05fa7-0c47-4d69-93d9-fe0857af656a)] -> xpath: //div[@class='dealerListing--name']//a], [[FirefoxDriver: firefox on WINDOWS (b0d05fa7-0c47-4d69-93d9-fe0857af656a)] -> xpath: //div[@class='dealerListing--name']//a], [[FirefoxDriver: firefox on WINDOWS (b0d05fa7-0c47-4d69-93d9-fe0857af656a)] -> xpath: //div[@class='dealerListing--name']//a], [[FirefoxDriver: firefox on WINDOWS (b0d05fa7-0c47-4d69-93d9-fe0857af656a)] -> xpath: //div[@class='dealerListing--name']//a]]
2022-05-25 00:05:459 INFO  HomePage :61 - Fetching Dealer Name :[[[FirefoxDriver: firefox on WINDOWS (b0d05fa7-0c47-4d69-93d9-fe0857af656a)] -> xpath: //div[@class='dealerListing--name']//a], [[FirefoxDriver: firefox on WINDOWS (b0d05fa7-0c47-4d69-93d9-fe0857af656a)] -> xpath: //div[@class='dealerListing--name']//a], [[FirefoxDriver: firefox on WINDOWS (b0d05fa7-0c47-4d69-93d9-fe0857af656a)] -> xpath: //div[@class='dealerListing--name']//a], [[FirefoxDriver: firefox on WINDOWS (b0d05fa7-0c47-4d69-93d9-fe0857af656a)] -> xpath: //div[@class='dealerListing--name']//a], [[FirefoxDriver: firefox on WINDOWS (b0d05fa7-0c47-4d69-93d9-fe0857af656a)] -> xpath: //div[@class='dealerListing--name']//a], [[FirefoxDriver: firefox on WINDOWS (b0d05fa7-0c47-4d69-93d9-fe0857af656a)] -> xpath: //div[@class='dealerListing--name']//a], [[FirefoxDriver: firefox on WINDOWS (b0d05fa7-0c47-4d69-93d9-fe0857af656a)] -> xpath: //div[@class='dealerListing--name']//a]]
2022-05-25 00:05:585 INFO  HomePage :61 - Fetching Dealer Name :[[[FirefoxDriver: firefox on WINDOWS (b0d05fa7-0c47-4d69-93d9-fe0857af656a)] -> xpath: //div[@class='dealerListing--name']//a], [[FirefoxDriver: firefox on WINDOWS (b0d05fa7-0c47-4d69-93d9-fe0857af656a)] -> xpath: //div[@class='dealerListing--name']//a], [[FirefoxDriver: firefox on WINDOWS (b0d05fa7-0c47-4d69-93d9-fe0857af656a)] -> xpath: //div[@class='dealerListing--name']//a], [[FirefoxDriver: firefox on WINDOWS (b0d05fa7-0c47-4d69-93d9-fe0857af656a)] -> xpath: //div[@class='dealerListing--name']//a], [[FirefoxDriver: firefox on WINDOWS (b0d05fa7-0c47-4d69-93d9-fe0857af656a)] -> xpath: //div[@class='dealerListing--name']//a], [[FirefoxDriver: firefox on WINDOWS (b0d05fa7-0c47-4d69-93d9-fe0857af656a)] -> xpath: //div[@class='dealerListing--name']//a], [[FirefoxDriver: firefox on WINDOWS (b0d05fa7-0c47-4d69-93d9-fe0857af656a)] -> xpath: //div[@class='dealerListing--name']//a]]
2022-05-25 00:05:597 INFO  HomePage :61 - Fetching Dealer Name :[[[FirefoxDriver: firefox on WINDOWS (b0d05fa7-0c47-4d69-93d9-fe0857af656a)] -> xpath: //div[@class='dealerListing--name']//a], [[FirefoxDriver: firefox on WINDOWS (b0d05fa7-0c47-4d69-93d9-fe0857af656a)] -> xpath: //div[@class='dealerListing--name']//a], [[FirefoxDriver: firefox on WINDOWS (b0d05fa7-0c47-4d69-93d9-fe0857af656a)] -> xpath: //div[@class='dealerListing--name']//a], [[FirefoxDriver: firefox on WINDOWS (b0d05fa7-0c47-4d69-93d9-fe0857af656a)] -> xpath: //div[@class='dealerListing--name']//a], [[FirefoxDriver: firefox on WINDOWS (b0d05fa7-0c47-4d69-93d9-fe0857af656a)] -> xpath: //div[@class='dealerListing--name']//a], [[FirefoxDriver: firefox on WINDOWS (b0d05fa7-0c47-4d69-93d9-fe0857af656a)] -> xpath: //div[@class='dealerListing--name']//a], [[FirefoxDriver: firefox on WINDOWS (b0d05fa7-0c47-4d69-93d9-fe0857af656a)] -> xpath: //div[@class='dealerListing--name']//a]]
2022-05-25 00:05:786 INFO  HomePage :61 - Fetching Dealer Name :[[[FirefoxDriver: firefox on WINDOWS (b0d05fa7-0c47-4d69-93d9-fe0857af656a)] -> xpath: //div[@class='dealerListing--name']//a], [[FirefoxDriver: firefox on WINDOWS (b0d05fa7-0c47-4d69-93d9-fe0857af656a)] -> xpath: //div[@class='dealerListing--name']//a], [[FirefoxDriver: firefox on WINDOWS (b0d05fa7-0c47-4d69-93d9-fe0857af656a)] -> xpath: //div[@class='dealerListing--name']//a], [[FirefoxDriver: firefox on WINDOWS (b0d05fa7-0c47-4d69-93d9-fe0857af656a)] -> xpath: //div[@class='dealerListing--name']//a], [[FirefoxDriver: firefox on WINDOWS (b0d05fa7-0c47-4d69-93d9-fe0857af656a)] -> xpath: //div[@class='dealerListing--name']//a], [[FirefoxDriver: firefox on WINDOWS (b0d05fa7-0c47-4d69-93d9-fe0857af656a)] -> xpath: //div[@class='dealerListing--name']//a], [[FirefoxDriver: firefox on WINDOWS (b0d05fa7-0c47-4d69-93d9-fe0857af656a)] -> xpath: //div[@class='dealerListing--name']//a]]
2022-05-25 00:05:618 INFO  HomePage :44 - Clicking on buy and sell mouse hoover [[FirefoxDriver: firefox on WINDOWS (91468899-4c28-4602-972e-9475bd9ef8ae)] -> xpath: //a[contains(text(),'buy + sell')]]
2022-05-25 00:05:113 INFO  HomePage :50 - Clicking on search car click [[FirefoxDriver: firefox on WINDOWS (91468899-4c28-4602-972e-9475bd9ef8ae)] -> xpath: //a[contains(text(),'Search Cars')]]
2022-05-25 00:05:365 INFO  NewAndUsedCarSearchPage :53 - getting varify new and used car Search [[FirefoxDriver: firefox on WINDOWS (91468899-4c28-4602-972e-9475bd9ef8ae)] -> xpath: //div[@class='heading main-heading item-ad-wrapper ']/h1]
2022-05-25 00:05:491 INFO  NewAndUsedCarSearchPage :66 - Selecting make Honda from dropdown [[FirefoxDriver: firefox on WINDOWS (91468899-4c28-4602-972e-9475bd9ef8ae)] -> xpath: //select[@id='makes']]
2022-05-25 00:05:527 INFO  NewAndUsedCarSearchPage :72 - Selecting model City from dropdown [[FirefoxDriver: firefox on WINDOWS (91468899-4c28-4602-972e-9475bd9ef8ae)] -> xpath: //select[@id='models']]
2022-05-25 00:05:102 INFO  NewAndUsedCarSearchPage :78 - Selecting location NSW - All from dropdown [[FirefoxDriver: firefox on WINDOWS (91468899-4c28-4602-972e-9475bd9ef8ae)] -> xpath: //select[@id='locations']]
2022-05-25 00:05:627 INFO  NewAndUsedCarSearchPage :83 - Selecting price $50,000 from dropdown [[FirefoxDriver: firefox on WINDOWS (91468899-4c28-4602-972e-9475bd9ef8ae)] -> xpath: //select[@id='priceTo']]
2022-05-25 00:05:902 INFO  NewAndUsedCarSearchPage :88 - Clicking on find my new car [[FirefoxDriver: firefox on WINDOWS (91468899-4c28-4602-972e-9475bd9ef8ae)] -> xpath: //input[@id='search-submit']]
2022-05-25 00:05:192 INFO  SearchForCarPage :22 - getting email  car make varrify from [[FirefoxDriver: firefox on WINDOWS (91468899-4c28-4602-972e-9475bd9ef8ae)] -> xpath: //h1[@class='listing-search-title']]
2022-05-25 00:05:555 INFO  HomePage :44 - Clicking on buy and sell mouse hoover [[FirefoxDriver: firefox on WINDOWS (964055b9-25d6-432b-a921-2bc994a55720)] -> xpath: //a[contains(text(),'buy + sell')]]
2022-05-25 00:05:511 INFO  HomePage :50 - Clicking on search car click [[FirefoxDriver: firefox on WINDOWS (964055b9-25d6-432b-a921-2bc994a55720)] -> xpath: //a[contains(text(),'Search Cars')]]
2022-05-25 00:05:646 INFO  NewAndUsedCarSearchPage :53 - getting varify new and used car Search [[FirefoxDriver: firefox on WINDOWS (964055b9-25d6-432b-a921-2bc994a55720)] -> xpath: //div[@class='heading main-heading item-ad-wrapper ']/h1]
2022-05-25 00:05:488 INFO  NewAndUsedCarSearchPage :66 - Selecting make Jeep from dropdown [[FirefoxDriver: firefox on WINDOWS (964055b9-25d6-432b-a921-2bc994a55720)] -> xpath: //select[@id='makes']]
2022-05-25 00:05:716 INFO  NewAndUsedCarSearchPage :72 - Selecting model Wrangler from dropdown [[FirefoxDriver: firefox on WINDOWS (964055b9-25d6-432b-a921-2bc994a55720)] -> xpath: //select[@id='models']]
2022-05-25 00:05:288 INFO  NewAndUsedCarSearchPage :78 - Selecting location NSW - All from dropdown [[FirefoxDriver: firefox on WINDOWS (964055b9-25d6-432b-a921-2bc994a55720)] -> xpath: //select[@id='locations']]
2022-05-25 00:05:690 INFO  NewAndUsedCarSearchPage :83 - Selecting price $60,000 from dropdown [[FirefoxDriver: firefox on WINDOWS (964055b9-25d6-432b-a921-2bc994a55720)] -> xpath: //select[@id='priceTo']]
2022-05-25 00:05:903 INFO  NewAndUsedCarSearchPage :88 - Clicking on find my new car [[FirefoxDriver: firefox on WINDOWS (964055b9-25d6-432b-a921-2bc994a55720)] -> xpath: //input[@id='search-submit']]
2022-05-25 00:05:207 INFO  SearchForCarPage :22 - getting email  car make varrify from [[FirefoxDriver: firefox on WINDOWS (964055b9-25d6-432b-a921-2bc994a55720)] -> xpath: //h1[@class='listing-search-title']]
2022-05-25 00:05:399 INFO  HomePage :44 - Clicking on buy and sell mouse hoover [[FirefoxDriver: firefox on WINDOWS (2a262628-fc1f-4d1c-8e52-386828807618)] -> xpath: //a[contains(text(),'buy + sell')]]
2022-05-25 00:05:613 INFO  HomePage :50 - Clicking on search car click [[FirefoxDriver: firefox on WINDOWS (2a262628-fc1f-4d1c-8e52-386828807618)] -> xpath: //a[contains(text(),'Search Cars')]]
2022-05-25 00:05:840 INFO  NewAndUsedCarSearchPage :53 - getting varify new and used car Search [[FirefoxDriver: firefox on WINDOWS (2a262628-fc1f-4d1c-8e52-386828807618)] -> xpath: //div[@class='heading main-heading item-ad-wrapper ']/h1]
2022-05-25 00:05:114 INFO  NewAndUsedCarSearchPage :66 - Selecting make Kia from dropdown [[FirefoxDriver: firefox on WINDOWS (2a262628-fc1f-4d1c-8e52-386828807618)] -> xpath: //select[@id='makes']]
2022-05-25 00:05:965 INFO  NewAndUsedCarSearchPage :72 - Selecting model Niro from dropdown [[FirefoxDriver: firefox on WINDOWS (2a262628-fc1f-4d1c-8e52-386828807618)] -> xpath: //select[@id='models']]
2022-05-25 00:05:567 INFO  NewAndUsedCarSearchPage :78 - Selecting location QLD - All from dropdown [[FirefoxDriver: firefox on WINDOWS (2a262628-fc1f-4d1c-8e52-386828807618)] -> xpath: //select[@id='locations']]
2022-05-25 00:05:879 INFO  NewAndUsedCarSearchPage :83 - Selecting price $40,000 from dropdown [[FirefoxDriver: firefox on WINDOWS (2a262628-fc1f-4d1c-8e52-386828807618)] -> xpath: //select[@id='priceTo']]
2022-05-25 00:05:785 INFO  NewAndUsedCarSearchPage :88 - Clicking on find my new car [[FirefoxDriver: firefox on WINDOWS (2a262628-fc1f-4d1c-8e52-386828807618)] -> xpath: //input[@id='search-submit']]
2022-05-25 00:05:08 INFO  SearchForCarPage :22 - getting email  car make varrify from [[FirefoxDriver: firefox on WINDOWS (2a262628-fc1f-4d1c-8e52-386828807618)] -> xpath: //h1[@class='listing-search-title']]
2022-05-25 00:05:304 INFO  HomePage :44 - Clicking on buy and sell mouse hoover [[FirefoxDriver: firefox on WINDOWS (a6a5105a-e480-4867-9690-6c0ba7d63ddd)] -> xpath: //a[contains(text(),'buy + sell')]]
2022-05-25 00:05:898 INFO  HomePage :50 - Clicking on search car click [[FirefoxDriver: firefox on WINDOWS (a6a5105a-e480-4867-9690-6c0ba7d63ddd)] -> xpath: //a[contains(text(),'Search Cars')]]
2022-05-25 00:05:79 INFO  NewAndUsedCarSearchPage :53 - getting varify new and used car Search [[FirefoxDriver: firefox on WINDOWS (a6a5105a-e480-4867-9690-6c0ba7d63ddd)] -> xpath: //div[@class='heading main-heading item-ad-wrapper ']/h1]
2022-05-25 00:05:572 INFO  NewAndUsedCarSearchPage :66 - Selecting make Volkswagen from dropdown [[FirefoxDriver: firefox on WINDOWS (a6a5105a-e480-4867-9690-6c0ba7d63ddd)] -> xpath: //select[@id='makes']]
2022-05-25 00:05:885 INFO  NewAndUsedCarSearchPage :72 - Selecting model Golf from dropdown [[FirefoxDriver: firefox on WINDOWS (a6a5105a-e480-4867-9690-6c0ba7d63ddd)] -> xpath: //select[@id='models']]
2022-05-25 00:05:252 INFO  NewAndUsedCarSearchPage :78 - Selecting location NSW - Sydney from dropdown [[FirefoxDriver: firefox on WINDOWS (a6a5105a-e480-4867-9690-6c0ba7d63ddd)] -> xpath: //select[@id='locations']]
2022-05-25 00:05:584 INFO  NewAndUsedCarSearchPage :83 - Selecting price $45,000 from dropdown [[FirefoxDriver: firefox on WINDOWS (a6a5105a-e480-4867-9690-6c0ba7d63ddd)] -> xpath: //select[@id='priceTo']]
2022-05-25 00:05:647 INFO  NewAndUsedCarSearchPage :88 - Clicking on find my new car [[FirefoxDriver: firefox on WINDOWS (a6a5105a-e480-4867-9690-6c0ba7d63ddd)] -> xpath: //input[@id='search-submit']]
2022-05-25 00:05:866 INFO  SearchForCarPage :22 - getting email  car make varrify from [[FirefoxDriver: firefox on WINDOWS (a6a5105a-e480-4867-9690-6c0ba7d63ddd)] -> xpath: //h1[@class='listing-search-title']]
2022-05-25 00:05:822 INFO  HomePage :44 - Clicking on buy and sell mouse hoover [[FirefoxDriver: firefox on WINDOWS (06a84695-f1fb-43b7-8589-48d4e07d70b0)] -> xpath: //a[contains(text(),'buy + sell')]]
2022-05-25 00:05:340 INFO  HomePage :50 - Clicking on search car click [[FirefoxDriver: firefox on WINDOWS (06a84695-f1fb-43b7-8589-48d4e07d70b0)] -> xpath: //a[contains(text(),'Search Cars')]]
2022-05-25 00:05:524 INFO  NewAndUsedCarSearchPage :53 - getting varify new and used car Search [[FirefoxDriver: firefox on WINDOWS (06a84695-f1fb-43b7-8589-48d4e07d70b0)] -> xpath: //div[@class='heading main-heading item-ad-wrapper ']/h1]
2022-05-25 00:05:725 INFO  NewAndUsedCarSearchPage :66 - Selecting make Suzuki from dropdown [[FirefoxDriver: firefox on WINDOWS (06a84695-f1fb-43b7-8589-48d4e07d70b0)] -> xpath: //select[@id='makes']]
2022-05-25 00:05:977 INFO  NewAndUsedCarSearchPage :72 - Selecting model Vitara from dropdown [[FirefoxDriver: firefox on WINDOWS (06a84695-f1fb-43b7-8589-48d4e07d70b0)] -> xpath: //select[@id='models']]
2022-05-25 00:05:604 INFO  NewAndUsedCarSearchPage :78 - Selecting location NT - South from dropdown [[FirefoxDriver: firefox on WINDOWS (06a84695-f1fb-43b7-8589-48d4e07d70b0)] -> xpath: //select[@id='locations']]
2022-05-25 00:05:111 INFO  NewAndUsedCarSearchPage :83 - Selecting price $45,000 from dropdown [[FirefoxDriver: firefox on WINDOWS (06a84695-f1fb-43b7-8589-48d4e07d70b0)] -> xpath: //select[@id='priceTo']]
2022-05-25 00:05:666 INFO  NewAndUsedCarSearchPage :88 - Clicking on find my new car [[FirefoxDriver: firefox on WINDOWS (06a84695-f1fb-43b7-8589-48d4e07d70b0)] -> xpath: //input[@id='search-submit']]
2022-05-25 00:05:360 INFO  SearchForCarPage :22 - getting email  car make varrify from [[FirefoxDriver: firefox on WINDOWS (06a84695-f1fb-43b7-8589-48d4e07d70b0)] -> xpath: //h1[@class='listing-search-title']]
